Created by PLY version 3.11 (http://www.dabeaz.com/ply)

Unused terminals:

    AND
    ASSIGN
    BOOLEAN
    BRYK
    CHAR
    COMMENT
    CONZORP
    EOF
    FLOP
    FLORP
    FOX
    FRZ
    GREATER_THAN_EQUAL
    IDENTIFIER
    LESS_THAN_EQUAL
    NEWLINE
    NI
    NOL
    NOT
    OR
    PET
    PLITZ
    RYTORN
    STRING
    TLIP
    WHILK

Grammar

Rule 0     S' -> start
Rule 1     start -> statements
Rule 2     statements -> statements statement
Rule 3     statements -> statement
Rule 4     statement -> expression
Rule 5     statement -> conditional
Rule 6     expression -> expression PLUS term
Rule 7     expression -> expression MINUS term
Rule 8     expression -> expression GREATER_THAN term
Rule 9     expression -> expression LESS_THAN term
Rule 10    expression -> expression EQUAL_TO term
Rule 11    expression -> expression NOT_EQUAL_TO term
Rule 12    expression -> term
Rule 13    term -> term TIMES factor
Rule 14    term -> term DIVIDE factor
Rule 15    term -> factor
Rule 16    factor -> NUMBER
Rule 17    factor -> LPAREN expression RPAREN
Rule 18    conditional -> ILF LPAREN expression RPAREN LCURLY statements RCURLY
Rule 19    conditional -> ILF LPAREN expression RPAREN LCURLY statements RCURLY ELZ LCURLY statements RCURLY
Rule 20    conditional -> ILF LPAREN expression RPAREN LCURLY statements RCURLY ELIL LPAREN expression RPAREN LCURLY statements RCURLY ELZ LCURLY statements RCURLY

Terminals, with rules where they appear

AND                  : 
ASSIGN               : 
BOOLEAN              : 
BRYK                 : 
CHAR                 : 
COMMENT              : 
CONZORP              : 
DIVIDE               : 14
ELIL                 : 20
ELZ                  : 19 20
EOF                  : 
EQUAL_TO             : 10
FLOP                 : 
FLORP                : 
FOX                  : 
FRZ                  : 
GREATER_THAN         : 8
GREATER_THAN_EQUAL   : 
IDENTIFIER           : 
ILF                  : 18 19 20
LCURLY               : 18 19 19 20 20 20
LESS_THAN            : 9
LESS_THAN_EQUAL      : 
LPAREN               : 17 18 19 20 20
MINUS                : 7
NEWLINE              : 
NI                   : 
NOL                  : 
NOT                  : 
NOT_EQUAL_TO         : 11
NUMBER               : 16
OR                   : 
PET                  : 
PLITZ                : 
PLUS                 : 6
RCURLY               : 18 19 19 20 20 20
RPAREN               : 17 18 19 20 20
RYTORN               : 
STRING               : 
TIMES                : 13
TLIP                 : 
WHILK                : 
error                : 

Nonterminals, with rules where they appear

conditional          : 5
expression           : 4 6 7 8 9 10 11 17 18 19 20 20
factor               : 13 14 15
start                : 0
statement            : 2 3
statements           : 1 2 18 19 19 20 20 20
term                 : 6 7 8 9 10 11 12 13 14

Parsing method: LALR

state 0

    (0) S' -> . start
    (1) start -> . statements
    (2) statements -> . statements statement
    (3) statements -> . statement
    (4) statement -> . expression
    (5) statement -> . conditional
    (6) expression -> . expression PLUS term
    (7) expression -> . expression MINUS term
    (8) expression -> . expression GREATER_THAN term
    (9) expression -> . expression LESS_THAN term
    (10) expression -> . expression EQUAL_TO term
    (11) expression -> . expression NOT_EQUAL_TO term
    (12) expression -> . term
    (18) conditional -> . ILF LPAREN expression RPAREN LCURLY statements RCURLY
    (19) conditional -> . ILF LPAREN expression RPAREN LCURLY statements RCURLY ELZ LCURLY statements RCURLY
    (20) conditional -> . ILF LPAREN expression RPAREN LCURLY statements RCURLY ELIL LPAREN expression RPAREN LCURLY statements RCURLY ELZ LCURLY statements RCURLY
    (13) term -> . term TIMES factor
    (14) term -> . term DIVIDE factor
    (15) term -> . factor
    (16) factor -> . NUMBER
    (17) factor -> . LPAREN expression RPAREN

    ILF             shift and go to state 7
    NUMBER          shift and go to state 10
    LPAREN          shift and go to state 8

    start                          shift and go to state 1
    statements                     shift and go to state 2
    statement                      shift and go to state 3
    expression                     shift and go to state 4
    conditional                    shift and go to state 5
    term                           shift and go to state 6
    factor                         shift and go to state 9

state 1

    (0) S' -> start .



state 2

    (1) start -> statements .
    (2) statements -> statements . statement
    (4) statement -> . expression
    (5) statement -> . conditional
    (6) expression -> . expression PLUS term
    (7) expression -> . expression MINUS term
    (8) expression -> . expression GREATER_THAN term
    (9) expression -> . expression LESS_THAN term
    (10) expression -> . expression EQUAL_TO term
    (11) expression -> . expression NOT_EQUAL_TO term
    (12) expression -> . term
    (18) conditional -> . ILF LPAREN expression RPAREN LCURLY statements RCURLY
    (19) conditional -> . ILF LPAREN expression RPAREN LCURLY statements RCURLY ELZ LCURLY statements RCURLY
    (20) conditional -> . ILF LPAREN expression RPAREN LCURLY statements RCURLY ELIL LPAREN expression RPAREN LCURLY statements RCURLY ELZ LCURLY statements RCURLY
    (13) term -> . term TIMES factor
    (14) term -> . term DIVIDE factor
    (15) term -> . factor
    (16) factor -> . NUMBER
    (17) factor -> . LPAREN expression RPAREN

    $end            reduce using rule 1 (start -> statements .)
    ILF             shift and go to state 7
    NUMBER          shift and go to state 10
    LPAREN          shift and go to state 8

    statement                      shift and go to state 11
    expression                     shift and go to state 4
    conditional                    shift and go to state 5
    term                           shift and go to state 6
    factor                         shift and go to state 9

state 3

    (3) statements -> statement .

    ILF             reduce using rule 3 (statements -> statement .)
    NUMBER          reduce using rule 3 (statements -> statement .)
    LPAREN          reduce using rule 3 (statements -> statement .)
    $end            reduce using rule 3 (statements -> statement .)
    RCURLY          reduce using rule 3 (statements -> statement .)


state 4

    (4) statement -> expression .
    (6) expression -> expression . PLUS term
    (7) expression -> expression . MINUS term
    (8) expression -> expression . GREATER_THAN term
    (9) expression -> expression . LESS_THAN term
    (10) expression -> expression . EQUAL_TO term
    (11) expression -> expression . NOT_EQUAL_TO term

    ILF             reduce using rule 4 (statement -> expression .)
    NUMBER          reduce using rule 4 (statement -> expression .)
    LPAREN          reduce using rule 4 (statement -> expression .)
    $end            reduce using rule 4 (statement -> expression .)
    RCURLY          reduce using rule 4 (statement -> expression .)
    PLUS            shift and go to state 12
    MINUS           shift and go to state 13
    GREATER_THAN    shift and go to state 14
    LESS_THAN       shift and go to state 15
    EQUAL_TO        shift and go to state 16
    NOT_EQUAL_TO    shift and go to state 17


state 5

    (5) statement -> conditional .

    ILF             reduce using rule 5 (statement -> conditional .)
    NUMBER          reduce using rule 5 (statement -> conditional .)
    LPAREN          reduce using rule 5 (statement -> conditional .)
    $end            reduce using rule 5 (statement -> conditional .)
    RCURLY          reduce using rule 5 (statement -> conditional .)


state 6

    (12) expression -> term .
    (13) term -> term . TIMES factor
    (14) term -> term . DIVIDE factor

    PLUS            reduce using rule 12 (expression -> term .)
    MINUS           reduce using rule 12 (expression -> term .)
    GREATER_THAN    reduce using rule 12 (expression -> term .)
    LESS_THAN       reduce using rule 12 (expression -> term .)
    EQUAL_TO        reduce using rule 12 (expression -> term .)
    NOT_EQUAL_TO    reduce using rule 12 (expression -> term .)
    ILF             reduce using rule 12 (expression -> term .)
    NUMBER          reduce using rule 12 (expression -> term .)
    LPAREN          reduce using rule 12 (expression -> term .)
    $end            reduce using rule 12 (expression -> term .)
    RPAREN          reduce using rule 12 (expression -> term .)
    RCURLY          reduce using rule 12 (expression -> term .)
    TIMES           shift and go to state 18
    DIVIDE          shift and go to state 19


state 7

    (18) conditional -> ILF . LPAREN expression RPAREN LCURLY statements RCURLY
    (19) conditional -> ILF . LPAREN expression RPAREN LCURLY statements RCURLY ELZ LCURLY statements RCURLY
    (20) conditional -> ILF . LPAREN expression RPAREN LCURLY statements RCURLY ELIL LPAREN expression RPAREN LCURLY statements RCURLY ELZ LCURLY statements RCURLY

    LPAREN          shift and go to state 20


state 8

    (17) factor -> LPAREN . expression RPAREN
    (6) expression -> . expression PLUS term
    (7) expression -> . expression MINUS term
    (8) expression -> . expression GREATER_THAN term
    (9) expression -> . expression LESS_THAN term
    (10) expression -> . expression EQUAL_TO term
    (11) expression -> . expression NOT_EQUAL_TO term
    (12) expression -> . term
    (13) term -> . term TIMES factor
    (14) term -> . term DIVIDE factor
    (15) term -> . factor
    (16) factor -> . NUMBER
    (17) factor -> . LPAREN expression RPAREN

    NUMBER          shift and go to state 10
    LPAREN          shift and go to state 8

    expression                     shift and go to state 21
    term                           shift and go to state 6
    factor                         shift and go to state 9

state 9

    (15) term -> factor .

    TIMES           reduce using rule 15 (term -> factor .)
    DIVIDE          reduce using rule 15 (term -> factor .)
    PLUS            reduce using rule 15 (term -> factor .)
    MINUS           reduce using rule 15 (term -> factor .)
    GREATER_THAN    reduce using rule 15 (term -> factor .)
    LESS_THAN       reduce using rule 15 (term -> factor .)
    EQUAL_TO        reduce using rule 15 (term -> factor .)
    NOT_EQUAL_TO    reduce using rule 15 (term -> factor .)
    ILF             reduce using rule 15 (term -> factor .)
    NUMBER          reduce using rule 15 (term -> factor .)
    LPAREN          reduce using rule 15 (term -> factor .)
    $end            reduce using rule 15 (term -> factor .)
    RPAREN          reduce using rule 15 (term -> factor .)
    RCURLY          reduce using rule 15 (term -> factor .)


state 10

    (16) factor -> NUMBER .

    TIMES           reduce using rule 16 (factor -> NUMBER .)
    DIVIDE          reduce using rule 16 (factor -> NUMBER .)
    PLUS            reduce using rule 16 (factor -> NUMBER .)
    MINUS           reduce using rule 16 (factor -> NUMBER .)
    GREATER_THAN    reduce using rule 16 (factor -> NUMBER .)
    LESS_THAN       reduce using rule 16 (factor -> NUMBER .)
    EQUAL_TO        reduce using rule 16 (factor -> NUMBER .)
    NOT_EQUAL_TO    reduce using rule 16 (factor -> NUMBER .)
    ILF             reduce using rule 16 (factor -> NUMBER .)
    NUMBER          reduce using rule 16 (factor -> NUMBER .)
    LPAREN          reduce using rule 16 (factor -> NUMBER .)
    $end            reduce using rule 16 (factor -> NUMBER .)
    RPAREN          reduce using rule 16 (factor -> NUMBER .)
    RCURLY          reduce using rule 16 (factor -> NUMBER .)


state 11

    (2) statements -> statements statement .

    ILF             reduce using rule 2 (statements -> statements statement .)
    NUMBER          reduce using rule 2 (statements -> statements statement .)
    LPAREN          reduce using rule 2 (statements -> statements statement .)
    $end            reduce using rule 2 (statements -> statements statement .)
    RCURLY          reduce using rule 2 (statements -> statements statement .)


state 12

    (6) expression -> expression PLUS . term
    (13) term -> . term TIMES factor
    (14) term -> . term DIVIDE factor
    (15) term -> . factor
    (16) factor -> . NUMBER
    (17) factor -> . LPAREN expression RPAREN

    NUMBER          shift and go to state 10
    LPAREN          shift and go to state 8

    term                           shift and go to state 22
    factor                         shift and go to state 9

state 13

    (7) expression -> expression MINUS . term
    (13) term -> . term TIMES factor
    (14) term -> . term DIVIDE factor
    (15) term -> . factor
    (16) factor -> . NUMBER
    (17) factor -> . LPAREN expression RPAREN

    NUMBER          shift and go to state 10
    LPAREN          shift and go to state 8

    term                           shift and go to state 23
    factor                         shift and go to state 9

state 14

    (8) expression -> expression GREATER_THAN . term
    (13) term -> . term TIMES factor
    (14) term -> . term DIVIDE factor
    (15) term -> . factor
    (16) factor -> . NUMBER
    (17) factor -> . LPAREN expression RPAREN

    NUMBER          shift and go to state 10
    LPAREN          shift and go to state 8

    term                           shift and go to state 24
    factor                         shift and go to state 9

state 15

    (9) expression -> expression LESS_THAN . term
    (13) term -> . term TIMES factor
    (14) term -> . term DIVIDE factor
    (15) term -> . factor
    (16) factor -> . NUMBER
    (17) factor -> . LPAREN expression RPAREN

    NUMBER          shift and go to state 10
    LPAREN          shift and go to state 8

    term                           shift and go to state 25
    factor                         shift and go to state 9

state 16

    (10) expression -> expression EQUAL_TO . term
    (13) term -> . term TIMES factor
    (14) term -> . term DIVIDE factor
    (15) term -> . factor
    (16) factor -> . NUMBER
    (17) factor -> . LPAREN expression RPAREN

    NUMBER          shift and go to state 10
    LPAREN          shift and go to state 8

    term                           shift and go to state 26
    factor                         shift and go to state 9

state 17

    (11) expression -> expression NOT_EQUAL_TO . term
    (13) term -> . term TIMES factor
    (14) term -> . term DIVIDE factor
    (15) term -> . factor
    (16) factor -> . NUMBER
    (17) factor -> . LPAREN expression RPAREN

    NUMBER          shift and go to state 10
    LPAREN          shift and go to state 8

    term                           shift and go to state 27
    factor                         shift and go to state 9

state 18

    (13) term -> term TIMES . factor
    (16) factor -> . NUMBER
    (17) factor -> . LPAREN expression RPAREN

    NUMBER          shift and go to state 10
    LPAREN          shift and go to state 8

    factor                         shift and go to state 28

state 19

    (14) term -> term DIVIDE . factor
    (16) factor -> . NUMBER
    (17) factor -> . LPAREN expression RPAREN

    NUMBER          shift and go to state 10
    LPAREN          shift and go to state 8

    factor                         shift and go to state 29

state 20

    (18) conditional -> ILF LPAREN . expression RPAREN LCURLY statements RCURLY
    (19) conditional -> ILF LPAREN . expression RPAREN LCURLY statements RCURLY ELZ LCURLY statements RCURLY
    (20) conditional -> ILF LPAREN . expression RPAREN LCURLY statements RCURLY ELIL LPAREN expression RPAREN LCURLY statements RCURLY ELZ LCURLY statements RCURLY
    (6) expression -> . expression PLUS term
    (7) expression -> . expression MINUS term
    (8) expression -> . expression GREATER_THAN term
    (9) expression -> . expression LESS_THAN term
    (10) expression -> . expression EQUAL_TO term
    (11) expression -> . expression NOT_EQUAL_TO term
    (12) expression -> . term
    (13) term -> . term TIMES factor
    (14) term -> . term DIVIDE factor
    (15) term -> . factor
    (16) factor -> . NUMBER
    (17) factor -> . LPAREN expression RPAREN

    NUMBER          shift and go to state 10
    LPAREN          shift and go to state 8

    expression                     shift and go to state 30
    term                           shift and go to state 6
    factor                         shift and go to state 9

state 21

    (17) factor -> LPAREN expression . RPAREN
    (6) expression -> expression . PLUS term
    (7) expression -> expression . MINUS term
    (8) expression -> expression . GREATER_THAN term
    (9) expression -> expression . LESS_THAN term
    (10) expression -> expression . EQUAL_TO term
    (11) expression -> expression . NOT_EQUAL_TO term

    RPAREN          shift and go to state 31
    PLUS            shift and go to state 12
    MINUS           shift and go to state 13
    GREATER_THAN    shift and go to state 14
    LESS_THAN       shift and go to state 15
    EQUAL_TO        shift and go to state 16
    NOT_EQUAL_TO    shift and go to state 17


state 22

    (6) expression -> expression PLUS term .
    (13) term -> term . TIMES factor
    (14) term -> term . DIVIDE factor

    PLUS            reduce using rule 6 (expression -> expression PLUS term .)
    MINUS           reduce using rule 6 (expression -> expression PLUS term .)
    GREATER_THAN    reduce using rule 6 (expression -> expression PLUS term .)
    LESS_THAN       reduce using rule 6 (expression -> expression PLUS term .)
    EQUAL_TO        reduce using rule 6 (expression -> expression PLUS term .)
    NOT_EQUAL_TO    reduce using rule 6 (expression -> expression PLUS term .)
    ILF             reduce using rule 6 (expression -> expression PLUS term .)
    NUMBER          reduce using rule 6 (expression -> expression PLUS term .)
    LPAREN          reduce using rule 6 (expression -> expression PLUS term .)
    $end            reduce using rule 6 (expression -> expression PLUS term .)
    RPAREN          reduce using rule 6 (expression -> expression PLUS term .)
    RCURLY          reduce using rule 6 (expression -> expression PLUS term .)
    TIMES           shift and go to state 18
    DIVIDE          shift and go to state 19


state 23

    (7) expression -> expression MINUS term .
    (13) term -> term . TIMES factor
    (14) term -> term . DIVIDE factor

    PLUS            reduce using rule 7 (expression -> expression MINUS term .)
    MINUS           reduce using rule 7 (expression -> expression MINUS term .)
    GREATER_THAN    reduce using rule 7 (expression -> expression MINUS term .)
    LESS_THAN       reduce using rule 7 (expression -> expression MINUS term .)
    EQUAL_TO        reduce using rule 7 (expression -> expression MINUS term .)
    NOT_EQUAL_TO    reduce using rule 7 (expression -> expression MINUS term .)
    ILF             reduce using rule 7 (expression -> expression MINUS term .)
    NUMBER          reduce using rule 7 (expression -> expression MINUS term .)
    LPAREN          reduce using rule 7 (expression -> expression MINUS term .)
    $end            reduce using rule 7 (expression -> expression MINUS term .)
    RPAREN          reduce using rule 7 (expression -> expression MINUS term .)
    RCURLY          reduce using rule 7 (expression -> expression MINUS term .)
    TIMES           shift and go to state 18
    DIVIDE          shift and go to state 19


state 24

    (8) expression -> expression GREATER_THAN term .
    (13) term -> term . TIMES factor
    (14) term -> term . DIVIDE factor

    PLUS            reduce using rule 8 (expression -> expression GREATER_THAN term .)
    MINUS           reduce using rule 8 (expression -> expression GREATER_THAN term .)
    GREATER_THAN    reduce using rule 8 (expression -> expression GREATER_THAN term .)
    LESS_THAN       reduce using rule 8 (expression -> expression GREATER_THAN term .)
    EQUAL_TO        reduce using rule 8 (expression -> expression GREATER_THAN term .)
    NOT_EQUAL_TO    reduce using rule 8 (expression -> expression GREATER_THAN term .)
    ILF             reduce using rule 8 (expression -> expression GREATER_THAN term .)
    NUMBER          reduce using rule 8 (expression -> expression GREATER_THAN term .)
    LPAREN          reduce using rule 8 (expression -> expression GREATER_THAN term .)
    $end            reduce using rule 8 (expression -> expression GREATER_THAN term .)
    RPAREN          reduce using rule 8 (expression -> expression GREATER_THAN term .)
    RCURLY          reduce using rule 8 (expression -> expression GREATER_THAN term .)
    TIMES           shift and go to state 18
    DIVIDE          shift and go to state 19


state 25

    (9) expression -> expression LESS_THAN term .
    (13) term -> term . TIMES factor
    (14) term -> term . DIVIDE factor

    PLUS            reduce using rule 9 (expression -> expression LESS_THAN term .)
    MINUS           reduce using rule 9 (expression -> expression LESS_THAN term .)
    GREATER_THAN    reduce using rule 9 (expression -> expression LESS_THAN term .)
    LESS_THAN       reduce using rule 9 (expression -> expression LESS_THAN term .)
    EQUAL_TO        reduce using rule 9 (expression -> expression LESS_THAN term .)
    NOT_EQUAL_TO    reduce using rule 9 (expression -> expression LESS_THAN term .)
    ILF             reduce using rule 9 (expression -> expression LESS_THAN term .)
    NUMBER          reduce using rule 9 (expression -> expression LESS_THAN term .)
    LPAREN          reduce using rule 9 (expression -> expression LESS_THAN term .)
    $end            reduce using rule 9 (expression -> expression LESS_THAN term .)
    RPAREN          reduce using rule 9 (expression -> expression LESS_THAN term .)
    RCURLY          reduce using rule 9 (expression -> expression LESS_THAN term .)
    TIMES           shift and go to state 18
    DIVIDE          shift and go to state 19


state 26

    (10) expression -> expression EQUAL_TO term .
    (13) term -> term . TIMES factor
    (14) term -> term . DIVIDE factor

    PLUS            reduce using rule 10 (expression -> expression EQUAL_TO term .)
    MINUS           reduce using rule 10 (expression -> expression EQUAL_TO term .)
    GREATER_THAN    reduce using rule 10 (expression -> expression EQUAL_TO term .)
    LESS_THAN       reduce using rule 10 (expression -> expression EQUAL_TO term .)
    EQUAL_TO        reduce using rule 10 (expression -> expression EQUAL_TO term .)
    NOT_EQUAL_TO    reduce using rule 10 (expression -> expression EQUAL_TO term .)
    ILF             reduce using rule 10 (expression -> expression EQUAL_TO term .)
    NUMBER          reduce using rule 10 (expression -> expression EQUAL_TO term .)
    LPAREN          reduce using rule 10 (expression -> expression EQUAL_TO term .)
    $end            reduce using rule 10 (expression -> expression EQUAL_TO term .)
    RPAREN          reduce using rule 10 (expression -> expression EQUAL_TO term .)
    RCURLY          reduce using rule 10 (expression -> expression EQUAL_TO term .)
    TIMES           shift and go to state 18
    DIVIDE          shift and go to state 19


state 27

    (11) expression -> expression NOT_EQUAL_TO term .
    (13) term -> term . TIMES factor
    (14) term -> term . DIVIDE factor

    PLUS            reduce using rule 11 (expression -> expression NOT_EQUAL_TO term .)
    MINUS           reduce using rule 11 (expression -> expression NOT_EQUAL_TO term .)
    GREATER_THAN    reduce using rule 11 (expression -> expression NOT_EQUAL_TO term .)
    LESS_THAN       reduce using rule 11 (expression -> expression NOT_EQUAL_TO term .)
    EQUAL_TO        reduce using rule 11 (expression -> expression NOT_EQUAL_TO term .)
    NOT_EQUAL_TO    reduce using rule 11 (expression -> expression NOT_EQUAL_TO term .)
    ILF             reduce using rule 11 (expression -> expression NOT_EQUAL_TO term .)
    NUMBER          reduce using rule 11 (expression -> expression NOT_EQUAL_TO term .)
    LPAREN          reduce using rule 11 (expression -> expression NOT_EQUAL_TO term .)
    $end            reduce using rule 11 (expression -> expression NOT_EQUAL_TO term .)
    RPAREN          reduce using rule 11 (expression -> expression NOT_EQUAL_TO term .)
    RCURLY          reduce using rule 11 (expression -> expression NOT_EQUAL_TO term .)
    TIMES           shift and go to state 18
    DIVIDE          shift and go to state 19


state 28

    (13) term -> term TIMES factor .

    TIMES           reduce using rule 13 (term -> term TIMES factor .)
    DIVIDE          reduce using rule 13 (term -> term TIMES factor .)
    PLUS            reduce using rule 13 (term -> term TIMES factor .)
    MINUS           reduce using rule 13 (term -> term TIMES factor .)
    GREATER_THAN    reduce using rule 13 (term -> term TIMES factor .)
    LESS_THAN       reduce using rule 13 (term -> term TIMES factor .)
    EQUAL_TO        reduce using rule 13 (term -> term TIMES factor .)
    NOT_EQUAL_TO    reduce using rule 13 (term -> term TIMES factor .)
    ILF             reduce using rule 13 (term -> term TIMES factor .)
    NUMBER          reduce using rule 13 (term -> term TIMES factor .)
    LPAREN          reduce using rule 13 (term -> term TIMES factor .)
    $end            reduce using rule 13 (term -> term TIMES factor .)
    RPAREN          reduce using rule 13 (term -> term TIMES factor .)
    RCURLY          reduce using rule 13 (term -> term TIMES factor .)


state 29

    (14) term -> term DIVIDE factor .

    TIMES           reduce using rule 14 (term -> term DIVIDE factor .)
    DIVIDE          reduce using rule 14 (term -> term DIVIDE factor .)
    PLUS            reduce using rule 14 (term -> term DIVIDE factor .)
    MINUS           reduce using rule 14 (term -> term DIVIDE factor .)
    GREATER_THAN    reduce using rule 14 (term -> term DIVIDE factor .)
    LESS_THAN       reduce using rule 14 (term -> term DIVIDE factor .)
    EQUAL_TO        reduce using rule 14 (term -> term DIVIDE factor .)
    NOT_EQUAL_TO    reduce using rule 14 (term -> term DIVIDE factor .)
    ILF             reduce using rule 14 (term -> term DIVIDE factor .)
    NUMBER          reduce using rule 14 (term -> term DIVIDE factor .)
    LPAREN          reduce using rule 14 (term -> term DIVIDE factor .)
    $end            reduce using rule 14 (term -> term DIVIDE factor .)
    RPAREN          reduce using rule 14 (term -> term DIVIDE factor .)
    RCURLY          reduce using rule 14 (term -> term DIVIDE factor .)


state 30

    (18) conditional -> ILF LPAREN expression . RPAREN LCURLY statements RCURLY
    (19) conditional -> ILF LPAREN expression . RPAREN LCURLY statements RCURLY ELZ LCURLY statements RCURLY
    (20) conditional -> ILF LPAREN expression . RPAREN LCURLY statements RCURLY ELIL LPAREN expression RPAREN LCURLY statements RCURLY ELZ LCURLY statements RCURLY
    (6) expression -> expression . PLUS term
    (7) expression -> expression . MINUS term
    (8) expression -> expression . GREATER_THAN term
    (9) expression -> expression . LESS_THAN term
    (10) expression -> expression . EQUAL_TO term
    (11) expression -> expression . NOT_EQUAL_TO term

    RPAREN          shift and go to state 32
    PLUS            shift and go to state 12
    MINUS           shift and go to state 13
    GREATER_THAN    shift and go to state 14
    LESS_THAN       shift and go to state 15
    EQUAL_TO        shift and go to state 16
    NOT_EQUAL_TO    shift and go to state 17


state 31

    (17) factor -> LPAREN expression RPAREN .

    TIMES           reduce using rule 17 (factor -> LPAREN expression RPAREN .)
    DIVIDE          reduce using rule 17 (factor -> LPAREN expression RPAREN .)
    PLUS            reduce using rule 17 (factor -> LPAREN expression RPAREN .)
    MINUS           reduce using rule 17 (factor -> LPAREN expression RPAREN .)
    GREATER_THAN    reduce using rule 17 (factor -> LPAREN expression RPAREN .)
    LESS_THAN       reduce using rule 17 (factor -> LPAREN expression RPAREN .)
    EQUAL_TO        reduce using rule 17 (factor -> LPAREN expression RPAREN .)
    NOT_EQUAL_TO    reduce using rule 17 (factor -> LPAREN expression RPAREN .)
    ILF             reduce using rule 17 (factor -> LPAREN expression RPAREN .)
    NUMBER          reduce using rule 17 (factor -> LPAREN expression RPAREN .)
    LPAREN          reduce using rule 17 (factor -> LPAREN expression RPAREN .)
    $end            reduce using rule 17 (factor -> LPAREN expression RPAREN .)
    RPAREN          reduce using rule 17 (factor -> LPAREN expression RPAREN .)
    RCURLY          reduce using rule 17 (factor -> LPAREN expression RPAREN .)


state 32

    (18) conditional -> ILF LPAREN expression RPAREN . LCURLY statements RCURLY
    (19) conditional -> ILF LPAREN expression RPAREN . LCURLY statements RCURLY ELZ LCURLY statements RCURLY
    (20) conditional -> ILF LPAREN expression RPAREN . LCURLY statements RCURLY ELIL LPAREN expression RPAREN LCURLY statements RCURLY ELZ LCURLY statements RCURLY

    LCURLY          shift and go to state 33


state 33

    (18) conditional -> ILF LPAREN expression RPAREN LCURLY . statements RCURLY
    (19) conditional -> ILF LPAREN expression RPAREN LCURLY . statements RCURLY ELZ LCURLY statements RCURLY
    (20) conditional -> ILF LPAREN expression RPAREN LCURLY . statements RCURLY ELIL LPAREN expression RPAREN LCURLY statements RCURLY ELZ LCURLY statements RCURLY
    (2) statements -> . statements statement
    (3) statements -> . statement
    (4) statement -> . expression
    (5) statement -> . conditional
    (6) expression -> . expression PLUS term
    (7) expression -> . expression MINUS term
    (8) expression -> . expression GREATER_THAN term
    (9) expression -> . expression LESS_THAN term
    (10) expression -> . expression EQUAL_TO term
    (11) expression -> . expression NOT_EQUAL_TO term
    (12) expression -> . term
    (18) conditional -> . ILF LPAREN expression RPAREN LCURLY statements RCURLY
    (19) conditional -> . ILF LPAREN expression RPAREN LCURLY statements RCURLY ELZ LCURLY statements RCURLY
    (20) conditional -> . ILF LPAREN expression RPAREN LCURLY statements RCURLY ELIL LPAREN expression RPAREN LCURLY statements RCURLY ELZ LCURLY statements RCURLY
    (13) term -> . term TIMES factor
    (14) term -> . term DIVIDE factor
    (15) term -> . factor
    (16) factor -> . NUMBER
    (17) factor -> . LPAREN expression RPAREN

    ILF             shift and go to state 7
    NUMBER          shift and go to state 10
    LPAREN          shift and go to state 8

    expression                     shift and go to state 4
    statements                     shift and go to state 34
    statement                      shift and go to state 3
    conditional                    shift and go to state 5
    term                           shift and go to state 6
    factor                         shift and go to state 9

state 34

    (18) conditional -> ILF LPAREN expression RPAREN LCURLY statements . RCURLY
    (19) conditional -> ILF LPAREN expression RPAREN LCURLY statements . RCURLY ELZ LCURLY statements RCURLY
    (20) conditional -> ILF LPAREN expression RPAREN LCURLY statements . RCURLY ELIL LPAREN expression RPAREN LCURLY statements RCURLY ELZ LCURLY statements RCURLY
    (2) statements -> statements . statement
    (4) statement -> . expression
    (5) statement -> . conditional
    (6) expression -> . expression PLUS term
    (7) expression -> . expression MINUS term
    (8) expression -> . expression GREATER_THAN term
    (9) expression -> . expression LESS_THAN term
    (10) expression -> . expression EQUAL_TO term
    (11) expression -> . expression NOT_EQUAL_TO term
    (12) expression -> . term
    (18) conditional -> . ILF LPAREN expression RPAREN LCURLY statements RCURLY
    (19) conditional -> . ILF LPAREN expression RPAREN LCURLY statements RCURLY ELZ LCURLY statements RCURLY
    (20) conditional -> . ILF LPAREN expression RPAREN LCURLY statements RCURLY ELIL LPAREN expression RPAREN LCURLY statements RCURLY ELZ LCURLY statements RCURLY
    (13) term -> . term TIMES factor
    (14) term -> . term DIVIDE factor
    (15) term -> . factor
    (16) factor -> . NUMBER
    (17) factor -> . LPAREN expression RPAREN

    RCURLY          shift and go to state 35
    ILF             shift and go to state 7
    NUMBER          shift and go to state 10
    LPAREN          shift and go to state 8

    expression                     shift and go to state 4
    statement                      shift and go to state 11
    conditional                    shift and go to state 5
    term                           shift and go to state 6
    factor                         shift and go to state 9

state 35

    (18) conditional -> ILF LPAREN expression RPAREN LCURLY statements RCURLY .
    (19) conditional -> ILF LPAREN expression RPAREN LCURLY statements RCURLY . ELZ LCURLY statements RCURLY
    (20) conditional -> ILF LPAREN expression RPAREN LCURLY statements RCURLY . ELIL LPAREN expression RPAREN LCURLY statements RCURLY ELZ LCURLY statements RCURLY

    ILF             reduce using rule 18 (conditional -> ILF LPAREN expression RPAREN LCURLY statements RCURLY .)
    NUMBER          reduce using rule 18 (conditional -> ILF LPAREN expression RPAREN LCURLY statements RCURLY .)
    LPAREN          reduce using rule 18 (conditional -> ILF LPAREN expression RPAREN LCURLY statements RCURLY .)
    $end            reduce using rule 18 (conditional -> ILF LPAREN expression RPAREN LCURLY statements RCURLY .)
    RCURLY          reduce using rule 18 (conditional -> ILF LPAREN expression RPAREN LCURLY statements RCURLY .)
    ELZ             shift and go to state 36
    ELIL            shift and go to state 37


state 36

    (19) conditional -> ILF LPAREN expression RPAREN LCURLY statements RCURLY ELZ . LCURLY statements RCURLY

    LCURLY          shift and go to state 38


state 37

    (20) conditional -> ILF LPAREN expression RPAREN LCURLY statements RCURLY ELIL . LPAREN expression RPAREN LCURLY statements RCURLY ELZ LCURLY statements RCURLY

    LPAREN          shift and go to state 39


state 38

    (19) conditional -> ILF LPAREN expression RPAREN LCURLY statements RCURLY ELZ LCURLY . statements RCURLY
    (2) statements -> . statements statement
    (3) statements -> . statement
    (4) statement -> . expression
    (5) statement -> . conditional
    (6) expression -> . expression PLUS term
    (7) expression -> . expression MINUS term
    (8) expression -> . expression GREATER_THAN term
    (9) expression -> . expression LESS_THAN term
    (10) expression -> . expression EQUAL_TO term
    (11) expression -> . expression NOT_EQUAL_TO term
    (12) expression -> . term
    (18) conditional -> . ILF LPAREN expression RPAREN LCURLY statements RCURLY
    (19) conditional -> . ILF LPAREN expression RPAREN LCURLY statements RCURLY ELZ LCURLY statements RCURLY
    (20) conditional -> . ILF LPAREN expression RPAREN LCURLY statements RCURLY ELIL LPAREN expression RPAREN LCURLY statements RCURLY ELZ LCURLY statements RCURLY
    (13) term -> . term TIMES factor
    (14) term -> . term DIVIDE factor
    (15) term -> . factor
    (16) factor -> . NUMBER
    (17) factor -> . LPAREN expression RPAREN

    ILF             shift and go to state 7
    NUMBER          shift and go to state 10
    LPAREN          shift and go to state 8

    expression                     shift and go to state 4
    statements                     shift and go to state 40
    statement                      shift and go to state 3
    conditional                    shift and go to state 5
    term                           shift and go to state 6
    factor                         shift and go to state 9

state 39

    (20) conditional -> ILF LPAREN expression RPAREN LCURLY statements RCURLY ELIL LPAREN . expression RPAREN LCURLY statements RCURLY ELZ LCURLY statements RCURLY
    (6) expression -> . expression PLUS term
    (7) expression -> . expression MINUS term
    (8) expression -> . expression GREATER_THAN term
    (9) expression -> . expression LESS_THAN term
    (10) expression -> . expression EQUAL_TO term
    (11) expression -> . expression NOT_EQUAL_TO term
    (12) expression -> . term
    (13) term -> . term TIMES factor
    (14) term -> . term DIVIDE factor
    (15) term -> . factor
    (16) factor -> . NUMBER
    (17) factor -> . LPAREN expression RPAREN

    NUMBER          shift and go to state 10
    LPAREN          shift and go to state 8

    expression                     shift and go to state 41
    term                           shift and go to state 6
    factor                         shift and go to state 9

state 40

    (19) conditional -> ILF LPAREN expression RPAREN LCURLY statements RCURLY ELZ LCURLY statements . RCURLY
    (2) statements -> statements . statement
    (4) statement -> . expression
    (5) statement -> . conditional
    (6) expression -> . expression PLUS term
    (7) expression -> . expression MINUS term
    (8) expression -> . expression GREATER_THAN term
    (9) expression -> . expression LESS_THAN term
    (10) expression -> . expression EQUAL_TO term
    (11) expression -> . expression NOT_EQUAL_TO term
    (12) expression -> . term
    (18) conditional -> . ILF LPAREN expression RPAREN LCURLY statements RCURLY
    (19) conditional -> . ILF LPAREN expression RPAREN LCURLY statements RCURLY ELZ LCURLY statements RCURLY
    (20) conditional -> . ILF LPAREN expression RPAREN LCURLY statements RCURLY ELIL LPAREN expression RPAREN LCURLY statements RCURLY ELZ LCURLY statements RCURLY
    (13) term -> . term TIMES factor
    (14) term -> . term DIVIDE factor
    (15) term -> . factor
    (16) factor -> . NUMBER
    (17) factor -> . LPAREN expression RPAREN

    RCURLY          shift and go to state 42
    ILF             shift and go to state 7
    NUMBER          shift and go to state 10
    LPAREN          shift and go to state 8

    expression                     shift and go to state 4
    statement                      shift and go to state 11
    conditional                    shift and go to state 5
    term                           shift and go to state 6
    factor                         shift and go to state 9

state 41

    (20) conditional -> ILF LPAREN expression RPAREN LCURLY statements RCURLY ELIL LPAREN expression . RPAREN LCURLY statements RCURLY ELZ LCURLY statements RCURLY
    (6) expression -> expression . PLUS term
    (7) expression -> expression . MINUS term
    (8) expression -> expression . GREATER_THAN term
    (9) expression -> expression . LESS_THAN term
    (10) expression -> expression . EQUAL_TO term
    (11) expression -> expression . NOT_EQUAL_TO term

    RPAREN          shift and go to state 43
    PLUS            shift and go to state 12
    MINUS           shift and go to state 13
    GREATER_THAN    shift and go to state 14
    LESS_THAN       shift and go to state 15
    EQUAL_TO        shift and go to state 16
    NOT_EQUAL_TO    shift and go to state 17


state 42

    (19) conditional -> ILF LPAREN expression RPAREN LCURLY statements RCURLY ELZ LCURLY statements RCURLY .

    ILF             reduce using rule 19 (conditional -> ILF LPAREN expression RPAREN LCURLY statements RCURLY ELZ LCURLY statements RCURLY .)
    NUMBER          reduce using rule 19 (conditional -> ILF LPAREN expression RPAREN LCURLY statements RCURLY ELZ LCURLY statements RCURLY .)
    LPAREN          reduce using rule 19 (conditional -> ILF LPAREN expression RPAREN LCURLY statements RCURLY ELZ LCURLY statements RCURLY .)
    $end            reduce using rule 19 (conditional -> ILF LPAREN expression RPAREN LCURLY statements RCURLY ELZ LCURLY statements RCURLY .)
    RCURLY          reduce using rule 19 (conditional -> ILF LPAREN expression RPAREN LCURLY statements RCURLY ELZ LCURLY statements RCURLY .)


state 43

    (20) conditional -> ILF LPAREN expression RPAREN LCURLY statements RCURLY ELIL LPAREN expression RPAREN . LCURLY statements RCURLY ELZ LCURLY statements RCURLY

    LCURLY          shift and go to state 44


state 44

    (20) conditional -> ILF LPAREN expression RPAREN LCURLY statements RCURLY ELIL LPAREN expression RPAREN LCURLY . statements RCURLY ELZ LCURLY statements RCURLY
    (2) statements -> . statements statement
    (3) statements -> . statement
    (4) statement -> . expression
    (5) statement -> . conditional
    (6) expression -> . expression PLUS term
    (7) expression -> . expression MINUS term
    (8) expression -> . expression GREATER_THAN term
    (9) expression -> . expression LESS_THAN term
    (10) expression -> . expression EQUAL_TO term
    (11) expression -> . expression NOT_EQUAL_TO term
    (12) expression -> . term
    (18) conditional -> . ILF LPAREN expression RPAREN LCURLY statements RCURLY
    (19) conditional -> . ILF LPAREN expression RPAREN LCURLY statements RCURLY ELZ LCURLY statements RCURLY
    (20) conditional -> . ILF LPAREN expression RPAREN LCURLY statements RCURLY ELIL LPAREN expression RPAREN LCURLY statements RCURLY ELZ LCURLY statements RCURLY
    (13) term -> . term TIMES factor
    (14) term -> . term DIVIDE factor
    (15) term -> . factor
    (16) factor -> . NUMBER
    (17) factor -> . LPAREN expression RPAREN

    ILF             shift and go to state 7
    NUMBER          shift and go to state 10
    LPAREN          shift and go to state 8

    expression                     shift and go to state 4
    statements                     shift and go to state 45
    statement                      shift and go to state 3
    conditional                    shift and go to state 5
    term                           shift and go to state 6
    factor                         shift and go to state 9

state 45

    (20) conditional -> ILF LPAREN expression RPAREN LCURLY statements RCURLY ELIL LPAREN expression RPAREN LCURLY statements . RCURLY ELZ LCURLY statements RCURLY
    (2) statements -> statements . statement
    (4) statement -> . expression
    (5) statement -> . conditional
    (6) expression -> . expression PLUS term
    (7) expression -> . expression MINUS term
    (8) expression -> . expression GREATER_THAN term
    (9) expression -> . expression LESS_THAN term
    (10) expression -> . expression EQUAL_TO term
    (11) expression -> . expression NOT_EQUAL_TO term
    (12) expression -> . term
    (18) conditional -> . ILF LPAREN expression RPAREN LCURLY statements RCURLY
    (19) conditional -> . ILF LPAREN expression RPAREN LCURLY statements RCURLY ELZ LCURLY statements RCURLY
    (20) conditional -> . ILF LPAREN expression RPAREN LCURLY statements RCURLY ELIL LPAREN expression RPAREN LCURLY statements RCURLY ELZ LCURLY statements RCURLY
    (13) term -> . term TIMES factor
    (14) term -> . term DIVIDE factor
    (15) term -> . factor
    (16) factor -> . NUMBER
    (17) factor -> . LPAREN expression RPAREN

    RCURLY          shift and go to state 46
    ILF             shift and go to state 7
    NUMBER          shift and go to state 10
    LPAREN          shift and go to state 8

    expression                     shift and go to state 4
    statement                      shift and go to state 11
    conditional                    shift and go to state 5
    term                           shift and go to state 6
    factor                         shift and go to state 9

state 46

    (20) conditional -> ILF LPAREN expression RPAREN LCURLY statements RCURLY ELIL LPAREN expression RPAREN LCURLY statements RCURLY . ELZ LCURLY statements RCURLY

    ELZ             shift and go to state 47


state 47

    (20) conditional -> ILF LPAREN expression RPAREN LCURLY statements RCURLY ELIL LPAREN expression RPAREN LCURLY statements RCURLY ELZ . LCURLY statements RCURLY

    LCURLY          shift and go to state 48


state 48

    (20) conditional -> ILF LPAREN expression RPAREN LCURLY statements RCURLY ELIL LPAREN expression RPAREN LCURLY statements RCURLY ELZ LCURLY . statements RCURLY
    (2) statements -> . statements statement
    (3) statements -> . statement
    (4) statement -> . expression
    (5) statement -> . conditional
    (6) expression -> . expression PLUS term
    (7) expression -> . expression MINUS term
    (8) expression -> . expression GREATER_THAN term
    (9) expression -> . expression LESS_THAN term
    (10) expression -> . expression EQUAL_TO term
    (11) expression -> . expression NOT_EQUAL_TO term
    (12) expression -> . term
    (18) conditional -> . ILF LPAREN expression RPAREN LCURLY statements RCURLY
    (19) conditional -> . ILF LPAREN expression RPAREN LCURLY statements RCURLY ELZ LCURLY statements RCURLY
    (20) conditional -> . ILF LPAREN expression RPAREN LCURLY statements RCURLY ELIL LPAREN expression RPAREN LCURLY statements RCURLY ELZ LCURLY statements RCURLY
    (13) term -> . term TIMES factor
    (14) term -> . term DIVIDE factor
    (15) term -> . factor
    (16) factor -> . NUMBER
    (17) factor -> . LPAREN expression RPAREN

    ILF             shift and go to state 7
    NUMBER          shift and go to state 10
    LPAREN          shift and go to state 8

    expression                     shift and go to state 4
    statements                     shift and go to state 49
    statement                      shift and go to state 3
    conditional                    shift and go to state 5
    term                           shift and go to state 6
    factor                         shift and go to state 9

state 49

    (20) conditional -> ILF LPAREN expression RPAREN LCURLY statements RCURLY ELIL LPAREN expression RPAREN LCURLY statements RCURLY ELZ LCURLY statements . RCURLY
    (2) statements -> statements . statement
    (4) statement -> . expression
    (5) statement -> . conditional
    (6) expression -> . expression PLUS term
    (7) expression -> . expression MINUS term
    (8) expression -> . expression GREATER_THAN term
    (9) expression -> . expression LESS_THAN term
    (10) expression -> . expression EQUAL_TO term
    (11) expression -> . expression NOT_EQUAL_TO term
    (12) expression -> . term
    (18) conditional -> . ILF LPAREN expression RPAREN LCURLY statements RCURLY
    (19) conditional -> . ILF LPAREN expression RPAREN LCURLY statements RCURLY ELZ LCURLY statements RCURLY
    (20) conditional -> . ILF LPAREN expression RPAREN LCURLY statements RCURLY ELIL LPAREN expression RPAREN LCURLY statements RCURLY ELZ LCURLY statements RCURLY
    (13) term -> . term TIMES factor
    (14) term -> . term DIVIDE factor
    (15) term -> . factor
    (16) factor -> . NUMBER
    (17) factor -> . LPAREN expression RPAREN

    RCURLY          shift and go to state 50
    ILF             shift and go to state 7
    NUMBER          shift and go to state 10
    LPAREN          shift and go to state 8

    expression                     shift and go to state 4
    statement                      shift and go to state 11
    conditional                    shift and go to state 5
    term                           shift and go to state 6
    factor                         shift and go to state 9

state 50

    (20) conditional -> ILF LPAREN expression RPAREN LCURLY statements RCURLY ELIL LPAREN expression RPAREN LCURLY statements RCURLY ELZ LCURLY statements RCURLY .

    ILF             reduce using rule 20 (conditional -> ILF LPAREN expression RPAREN LCURLY statements RCURLY ELIL LPAREN expression RPAREN LCURLY statements RCURLY ELZ LCURLY statements RCURLY .)
    NUMBER          reduce using rule 20 (conditional -> ILF LPAREN expression RPAREN LCURLY statements RCURLY ELIL LPAREN expression RPAREN LCURLY statements RCURLY ELZ LCURLY statements RCURLY .)
    LPAREN          reduce using rule 20 (conditional -> ILF LPAREN expression RPAREN LCURLY statements RCURLY ELIL LPAREN expression RPAREN LCURLY statements RCURLY ELZ LCURLY statements RCURLY .)
    $end            reduce using rule 20 (conditional -> ILF LPAREN expression RPAREN LCURLY statements RCURLY ELIL LPAREN expression RPAREN LCURLY statements RCURLY ELZ LCURLY statements RCURLY .)
    RCURLY          reduce using rule 20 (conditional -> ILF LPAREN expression RPAREN LCURLY statements RCURLY ELIL LPAREN expression RPAREN LCURLY statements RCURLY ELZ LCURLY statements RCURLY .)

